TN:
SF:src\core\CozyEvent.ts
FN:24,(anonymous_0)
FN:34,(anonymous_1)
FN:46,(anonymous_2)
FN:47,(anonymous_3)
FN:59,(anonymous_4)
FN:63,(anonymous_5)
FN:72,(anonymous_6)
FN:86,(anonymous_7)
FN:94,(anonymous_8)
FN:96,(anonymous_9)
FN:105,(anonymous_10)
FN:114,(anonymous_11)
FN:124,(anonymous_12)
FN:126,(anonymous_13)
FN:127,(anonymous_14)
FN:135,(anonymous_15)
FNF:16
FNH:15
FNDA:13,(anonymous_0)
FNDA:12,(anonymous_1)
FNDA:1,(anonymous_2)
FNDA:1,(anonymous_3)
FNDA:2,(anonymous_4)
FNDA:2,(anonymous_5)
FNDA:14,(anonymous_6)
FNDA:0,(anonymous_7)
FNDA:1000010,(anonymous_8)
FNDA:1000004,(anonymous_9)
FNDA:2,(anonymous_10)
FNDA:2,(anonymous_11)
FNDA:2,(anonymous_12)
FNDA:1,(anonymous_13)
FNDA:1,(anonymous_14)
FNDA:12,(anonymous_15)
DA:25,13
DA:26,13
DA:35,12
DA:36,12
DA:38,12
DA:47,1
DA:48,1
DA:49,1
DA:51,1
DA:60,2
DA:61,2
DA:63,2
DA:73,14
DA:74,1
DA:76,13
DA:95,1000010
DA:96,1000006
DA:106,2
DA:115,2
DA:125,2
DA:126,1
DA:127,1
DA:136,12
DA:137,12
DA:141,1
LF:25
LH:25
BRDA:24,0,0,10
BRDA:26,1,0,3
BRDA:26,1,1,10
BRDA:35,2,0,12
BRDA:60,3,0,2
BRDA:73,4,0,1
BRDA:73,4,1,13
BRDA:95,5,0,1000006
BRDA:125,6,0,1
BRF:9
BRH:9
end_of_record
